<?xml version="1.0" encoding="UTF-8"?>
<!-- Generated by org.testng.reporters.JUnitReportReporter -->
<testsuite hostname="DESKTOP-29M0D5P" name="com.testAssessment.testRunner.testRunner" tests="1" failures="0" timestamp="9 May 2019 17:22:40 GMT" time="21.202" errors="0">
  <testcase name="feature" time="21.202" classname="com.testAssessment.testRunner.testRunner"/>
</testsuite> <!-- com.testAssessment.testRunner.testRunner -->
